<?xml version="1.0" encoding="UTF-8"?>
<testsuite name="TestSampleNative" tests="2" skipped="0" failures="0" errors="0" timestamp="2021-11-10T23:04:28" hostname="DIESERPC" time="0.01">
  <properties/>
  <testcase name="runFibTest[native]" classname="TestSampleNative" time="0.009"/>
  <testcase name="testHello[native]" classname="TestSampleNative" time="0.0"/>
  <system-out><![CDATA[Fibonacci Sequence
0
1
1
2
3
5
8
13
21
34
55
89
144
233
377
610
987
1597
2584
4181
6765
10946
17711
28657
46368
75025
121393
196418
317811
514229
result: kotlin.Unit
Generated in 0 ms
]]></system-out>
  <system-err><![CDATA[]]></system-err>
</testsuite>
